bin/open-lace-workspace
open-lace-workspace: running devcontainer up --workspace-folder /var/home/mjr/code/weft/lace  ...
open-lace-workspace: warning: devcontainer up reported outcome 'error' but container is running
open-lace-workspace: warning: Command failed: /bin/sh -c wezterm-mux-server --daemonize 2>/dev/null || true
open-lace-workspace: proceeding with SSH readiness check...
open-lace-workspace: waiting for SSH readiness on port 2222...
open-lace-workspace: SSH ready (attempt 1/15)
open-lace-workspace: wezterm-mux-server not detected in container; starting...
# Host [localhost]:2222 found: line 259
# Host [localhost]:2222 found: line 261
# Host [localhost]:2222 found: line 264
/home/mjr/.ssh/known_hosts updated.
Original contents retained as /home/mjr/.ssh/known_hosts.old
open-lace-workspace: updating known_hosts with container's current host keys...
open-lace-workspace: connecting WezTerm to lace domain...
open-lace-workspace: wezterm output logged to: /tmp/open-lace-workspace-wezterm.log
open-lace-workspace: error: wezterm connect lace failed (exit code: 1)
open-lace-workspace: error: wezterm log output:
11:36:33.397  ERROR  wezterm_gui > desired default domain 'lace' was not found in mux!?
Configuration Error: Error opening /var/home/mjr/code/weft/lace/config/wezterm/wezterm.lua: No such file or directory (os error 2); terminating
open-lace-workspace: error: troubleshooting:
open-lace-workspace: error:   - verify mux server: devcontainer exec --workspace-folder /var/home/mjr/code/weft/lace -- pgrep -a wezterm
open-lace-workspace: error:   - restart mux server: devcontainer exec --workspace-folder /var/home/mjr/code/weft/lace -- wezterm-mux-server --daemonize
open-lace-workspace: error:   - debug connection: WEZTERM_LOG=debug wezterm connect lace
[ble: exit 4]
