11:38:34.475  WARN   logging > lua: Failed to load lace plugin: failed to resolve path '/home/mjr/code/weft/lace/config/wezterm/lace-plugin': No such file or directory; class=Os (2)
stack traceback:
        [C]: in ?
        [C]: in function 'pcall'
        [string "/home/mjr/.config/wezterm/wezterm.lua"]:121: in main chunk

11:38:34.578  WARN   logging > lua: Failed to load lace plugin: failed to resolve path '/home/mjr/code/weft/lace/config/wezterm/lace-plugin': No such file or directory; class=Os (2)
stack traceback:
        [C]: in ?
        [C]: in function 'pcall'
        [string "/home/mjr/.config/wezterm/wezterm.lua"]:121: in main chunk

xkbcommon: ERROR: /usr/share/X11/locale/en_US.UTF-8/Compose:1661:1: unrecognized keysym "dead_hamza" on left-hand side
xkbcommon: ERROR: /usr/share/X11/locale/en_US.UTF-8/Compose:1662:1: unrecognized keysym "dead_hamza" on left-hand side
xkbcommon: ERROR: /usr/share/X11/locale/en_US.UTF-8/Compose:1663:1: unrecognized keysym "dead_hamza" on left-hand side
xkbcommon: ERROR: /usr/share/X11/locale/en_US.UTF-8/Compose:1664:1: unrecognized keysym "dead_hamza" on left-hand side
xkbcommon: ERROR: /usr/share/X11/locale/en_US.UTF-8/Compose:1665:1: unrecognized keysym "dead_hamza" on left-hand side
xkbcommon: ERROR: /usr/share/X11/locale/en_US.UTF-8/Compose:1661:1: unrecognized keysym "dead_hamza" on left-hand side
xkbcommon: ERROR: /usr/share/X11/locale/en_US.UTF-8/Compose:1662:1: unrecognized keysym "dead_hamza" on left-hand side
xkbcommon: ERROR: /usr/share/X11/locale/en_US.UTF-8/Compose:1663:1: unrecognized keysym "dead_hamza" on left-hand side
xkbcommon: ERROR: /usr/share/X11/locale/en_US.UTF-8/Compose:1664:1: unrecognized keysym "dead_hamza" on left-hand side
xkbcommon: ERROR: /usr/share/X11/locale/en_US.UTF-8/Compose:1665:1: unrecognized keysym "dead_hamza" on left-hand side
11:38:34.898  WARN   logging > lua: Failed to load lace plugin: failed to resolve path '/home/mjr/code/weft/lace/config/wezterm/lace-plugin': No such file or directory; class=Os (2)
stack traceback:
        [C]: in ?
        [C]: in function 'pcall'
        [string "/home/mjr/.config/wezterm/wezterm.lua"]:121: in main chunk

11:38:34.942  WARN   logging > lua: Failed to load lace plugin: failed to resolve path '/home/mjr/code/weft/lace/config/wezterm/lace-plugin': No such file or directory; class=Os (2)
stack traceback:
        [C]: in ?
        [C]: in function 'pcall'
        [string "/home/mjr/.config/wezterm/wezterm.lua"]:121: in main chunk

11:38:34.990  WARN   logging > lua: Failed to load lace plugin: failed to resolve path '/home/mjr/code/weft/lace/config/wezterm/lace-plugin': No such file or directory; class=Os (2)
stack traceback:
        [C]: in ?
        [C]: in function 'pcall'
        [string "/home/mjr/.config/wezterm/wezterm.lua"]:121: in main chunk


